2025-11-27 10:29:37,582| Processing 199 structures for topology
2025-11-27 10:30:16,885| Processing 11 structures for topology
2025-11-27 10:30:30,781| Batch updating 11 rows
2025-11-27 10:30:30,816| Completed topology update for 11 structures
2026-06-11 10:12:56,943| Processing 11 structures for topology
2026-06-11 10:12:57,514| Error processing batch 0-11: [Errno 2] No such file or directory: 'julia'
2026-06-11 10:12:57,518| Batch updating 11 rows
2026-06-11 10:12:57,578| Completed topology update for 11 structures
2026-06-11 10:26:06,791| Processing 11 structures for topology
2026-06-11 10:26:35,572| Batch updating 11 rows
2026-06-11 10:26:35,770| Completed topology update for 11 structures
2026-06-11 11:21:29,077| Processing 11 structures for topology
2026-06-11 11:22:19,546| Batch updating 11 rows
2026-06-11 11:22:19,741| Completed topology update for 11 structures
2026-06-11 14:48:41,215| Processing 11 structures for topology
2026-06-11 14:49:06,647| Batch updating 11 rows
2026-06-11 14:49:06,698| Completed topology update for 11 structures
2026-06-11 14:56:30,226| Processing 11 structures for topology
2026-06-11 14:56:53,338| Batch updating 11 rows
2026-06-11 14:56:53,459| Completed topology update for 11 structures
2026-06-11 15:24:09,756| Processing 11 structures for topology
2026-06-11 15:25:10,047| Timeout for batch 0-11 after 60s
2026-06-11 15:25:10,052| Batch updating 11 rows
2026-06-11 15:25:10,225| Completed topology update for 11 structures
